<?xml version="1.0" encoding="utf-8"?>
<?AutomationStudio Version="4.5.2.102"?>
<Objects>
  <Object
    Path="C:\Users\admin\Documents\KVBO-02-21\Senkov D\Pract2\Logical\Package.pkg"
    LogicalPath=""
    Type="Package.ParentUnknown"
    LastWriteTime="132902726755605214" />
  <Object
    Path="C:\Users\admin\Documents\KVBO-02-21\Senkov D\Pract2\Logical\Global.typ"
    LogicalPath="Global.typ"
    Type="File"
    LastWriteTime="132902698260768021"
    Private="false" />
  <Object
    Path="C:\Users\admin\Documents\KVBO-02-21\Senkov D\Pract2\Logical\Global.var"
    LogicalPath="Global.var"
    Type="File"
    LastWriteTime="132902698261057249"
    Private="false" />
  <Object
    Path="C:\Users\admin\Documents\KVBO-02-21\Senkov D\Pract2\Logical\Libraries\Package.pkg"
    LogicalPath="Libraries"
    Type="Package"
    LastWriteTime="132902710432041562" />
  <Object
    Path="C:\Users\admin\Documents\KVBO-02-21\Senkov D\Pract2\Logical\Libraries\operator\binary.lby"
    LogicalPath="Libraries.operator"
    Type="Library"
    LastWriteTime="132902698269953469" />
  <Object
    Path="C:\Users\admin\Documents\KVBO-02-21\Senkov D\Pract2\Logical\Libraries\operator\operator.fun"
    LogicalPath="Libraries.operator.operator.fun"
    Type="File"
    LastWriteTime="132902698269783923"
    Private="false" />
  <Object
    Path="C:\Users\admin\Documents\KVBO-02-21\Senkov D\Pract2\Logical\Libraries\operator\operator.typ"
    LogicalPath="Libraries.operator.operator.typ"
    Type="File"
    LastWriteTime="132902698269823815"
    Private="false" />
  <Object
    Path="C:\Users\admin\Documents\KVBO-02-21\Senkov D\Pract2\Logical\Libraries\operator\operator.var"
    LogicalPath="Libraries.operator.operator.var"
    Type="File"
    LastWriteTime="132902698269883654"
    Private="false" />
  <Object
    Path="C:\Users\admin\Documents\KVBO-02-21\Senkov D\Pract2\Logical\Libraries\runtime\binary.lby"
    LogicalPath="Libraries.runtime"
    Type="Library"
    LastWriteTime="132902698273643606" />
  <Object
    Path="C:\Users\admin\Documents\KVBO-02-21\Senkov D\Pract2\Logical\Libraries\runtime\runtime.fun"
    LogicalPath="Libraries.runtime.runtime.fun"
    Type="File"
    LastWriteTime="132902698273484033"
    Private="false" />
  <Object
    Path="C:\Users\admin\Documents\KVBO-02-21\Senkov D\Pract2\Logical\Libraries\runtime\runtime.typ"
    LogicalPath="Libraries.runtime.runtime.typ"
    Type="File"
    LastWriteTime="132902698273553848"
    Private="false" />
  <Object
    Path="C:\Users\admin\Documents\KVBO-02-21\Senkov D\Pract2\Logical\Libraries\runtime\runtime.var"
    LogicalPath="Libraries.runtime.runtime.var"
    Type="File"
    LastWriteTime="132902698273573792"
    Private="false" />
  <Object
    Path="C:\Users\admin\Documents\KVBO-02-21\Senkov D\Pract2\Logical\Libraries\astime\binary.lby"
    LogicalPath="Libraries.astime"
    Type="Library"
    LastWriteTime="132902698277453426" />
  <Object
    Path="C:\Users\admin\Documents\KVBO-02-21\Senkov D\Pract2\Logical\Libraries\astime\astime.fun"
    LogicalPath="Libraries.astime.astime.fun"
    Type="File"
    LastWriteTime="132902698277303821"
    Private="false" />
  <Object
    Path="C:\Users\admin\Documents\KVBO-02-21\Senkov D\Pract2\Logical\Libraries\astime\astime.typ"
    LogicalPath="Libraries.astime.astime.typ"
    Type="File"
    LastWriteTime="132902698277323780"
    Private="false" />
  <Object
    Path="C:\Users\admin\Documents\KVBO-02-21\Senkov D\Pract2\Logical\Libraries\astime\astime.var"
    LogicalPath="Libraries.astime.astime.var"
    Type="File"
    LastWriteTime="132902698277383804"
    Private="false" />
  <Object
    Path="C:\Users\admin\Documents\KVBO-02-21\Senkov D\Pract2\Logical\Libraries\AsIecCon\binary.lby"
    LogicalPath="Libraries.AsIecCon"
    Type="Library"
    LastWriteTime="132902698281592357" />
  <Object
    Path="C:\Users\admin\Documents\KVBO-02-21\Senkov D\Pract2\Logical\Libraries\AsIecCon\AsIecCon.fun"
    LogicalPath="Libraries.AsIecCon.AsIecCon.fun"
    Type="File"
    LastWriteTime="132902698281482655"
    Private="false" />
  <Object
    Path="C:\Users\admin\Documents\KVBO-02-21\Senkov D\Pract2\Logical\Libraries\AsIecCon\AsIecCon.typ"
    LogicalPath="Libraries.AsIecCon.AsIecCon.typ"
    Type="File"
    LastWriteTime="132902698281502606"
    Private="false" />
  <Object
    Path="C:\Users\admin\Documents\KVBO-02-21\Senkov D\Pract2\Logical\Libraries\AsIecCon\AsIecCon.var"
    LogicalPath="Libraries.AsIecCon.AsIecCon.var"
    Type="File"
    LastWriteTime="132902698281522550"
    Private="false" />
  <Object
    Path="C:\Users\admin\Documents\KVBO-02-21\Senkov D\Pract2\Logical\Libraries\McBase\binary.lby"
    LogicalPath="Libraries.McBase"
    Type="Library"
    LastWriteTime="132902710431742370" />
  <Object
    Path="C:\Users\admin\Documents\KVBO-02-21\Senkov D\Pract2\Logical\Libraries\McBase\McBase.typ"
    LogicalPath="Libraries.McBase.McBase.typ"
    Type="File"
    LastWriteTime="132902710431662580"
    Private="false" />
  <Object
    Path="C:\Users\admin\Documents\KVBO-02-21\Senkov D\Pract2\Logical\Libraries\McBase\McBase.fun"
    LogicalPath="Libraries.McBase.McBase.fun"
    Type="File"
    LastWriteTime="132902710431672548"
    Private="false" />
  <Object
    Path="C:\Users\admin\Documents\KVBO-02-21\Senkov D\Pract2\Logical\Libraries\McBase\McBase.var"
    LogicalPath="Libraries.McBase.McBase.var"
    Type="File"
    LastWriteTime="132902710431682520"
    Private="false" />
  <Object
    Path="C:\Users\admin\Documents\KVBO-02-21\Senkov D\Pract2\Logical\Program\ANSIC.prg"
    LogicalPath="Program"
    Type="Program"
    LastWriteTime="132902698931315752" />
  <Object
    Path="C:\Users\admin\Documents\KVBO-02-21\Senkov D\Pract2\Logical\Program\Main.c"
    LogicalPath="Program.Main.c"
    Type="File"
    LastWriteTime="132902778483287113"
    Private="false" />
  <Object
    Path="C:\Users\admin\Documents\KVBO-02-21\Senkov D\Pract2\Logical\Program\Types.typ"
    LogicalPath="Program.Types.typ"
    Type="File"
    LastWriteTime="132902698931285829"
    Private="true" />
  <Object
    Path="C:\Users\admin\Documents\KVBO-02-21\Senkov D\Pract2\Logical\Program\Variables.var"
    LogicalPath="Program.Variables.var"
    Type="File"
    LastWriteTime="132902772209007570"
    Private="true" />
  <Object
    Path="C:\Users\admin\Documents\KVBO-02-21\Senkov D\Pract2\Logical\Visu\Vc.dob"
    LogicalPath="Visu"
    Type="DataObject"
    LastWriteTime="132902726755345910" />
  <Object
    Path="C:\Users\admin\Documents\KVBO-02-21\Senkov D\Pract2\Logical\Visu\VCObject.vc"
    LogicalPath="Visu.VCObject.vc"
    Type="File"
    LastWriteTime="132902726755276103"
    Private="false" />
  <Object
    Path="C:\Users\admin\Documents\KVBO-02-21\Senkov D\Pract2\Physical\Config1\Config.pkg"
    LogicalPath="Config1"
    Type="Configuration.ParentUnknown"
    LastWriteTime="132902698356980853" />
  <Object
    Path="C:\Users\admin\Documents\KVBO-02-21\Senkov D\Pract2\Physical\Config1\Hardware.hw"
    LogicalPath="Config1.Hardware.hw"
    Type="File"
    LastWriteTime="132902752227444942"
    Private="false" />
  <Object
    Path="C:\Users\admin\Documents\KVBO-02-21\Senkov D\Pract2\Physical\Config1\Hardware.hwl"
    LogicalPath="Config1.Hardware.hwl"
    Type="File"
    LastWriteTime="132902751819744658"
    Private="false" />
  <Object
    Path="C:\Users\admin\Documents\KVBO-02-21\Senkov D\Pract2\Physical\Config1\4PP065_0571_P74\Cpu.pkg"
    LogicalPath="Config1.4PP065_0571_P74"
    Type="Cpu"
    LastWriteTime="132902716268212354" />
  <Object
    Path="C:\Users\admin\Documents\KVBO-02-21\Senkov D\Pract2\Physical\Config1\4PP065_0571_P74\Cpu.sw"
    LogicalPath="Config1.4PP065_0571_P74.Cpu.sw"
    Type="File"
    LastWriteTime="132902726761489493"
    Private="false" />
  <Object
    Path="C:\Users\admin\Documents\KVBO-02-21\Senkov D\Pract2\Physical\Config1\4PP065_0571_P74\Cpu.per"
    LogicalPath="Config1.4PP065_0571_P74.Cpu.per"
    Type="File"
    LastWriteTime="132902698285302443"
    Private="false" />
  <Object
    Path="C:\Users\admin\Documents\KVBO-02-21\Senkov D\Pract2\Physical\Config1\4PP065_0571_P74\IoMap.iom"
    LogicalPath="Config1.4PP065_0571_P74.IoMap.iom"
    Type="File"
    LastWriteTime="132902767266417252"
    Private="false" />
  <Object
    Path="C:\Users\admin\Documents\KVBO-02-21\Senkov D\Pract2\Physical\Config1\4PP065_0571_P74\PvMap.vvm"
    LogicalPath="Config1.4PP065_0571_P74.PvMap.vvm"
    Type="File"
    LastWriteTime="132902698285471988"
    Private="false" />
  <Object
    Path="C:\Users\admin\Documents\KVBO-02-21\Senkov D\Pract2\Physical\Config1\4PP065_0571_P74\Connectivity\Package.pkg"
    LogicalPath="Config1.4PP065_0571_P74.Connectivity"
    Type="Package"
    LastWriteTime="132902698286100318" />
  <Object
    Path="C:\Users\admin\Documents\KVBO-02-21\Senkov D\Pract2\Physical\Config1\4PP065_0571_P74\Connectivity\OpcUA\Package.pkg"
    LogicalPath="Config1.4PP065_0571_P74.Connectivity.OpcUA"
    Type="Package"
    LastWriteTime="132902698286040467" />
  <Object
    Path="C:\Users\admin\Documents\KVBO-02-21\Senkov D\Pract2\Physical\Config1\4PP065_0571_P74\TextSystem\Package.pkg"
    LogicalPath="Config1.4PP065_0571_P74.TextSystem"
    Type="Package"
    LastWriteTime="132902698286210016" />
  <Object
    Path="C:\Users\admin\Documents\KVBO-02-21\Senkov D\Pract2\Physical\Config1\4PP065_0571_P74\UnitSystem\Package.pkg"
    LogicalPath="Config1.4PP065_0571_P74.UnitSystem"
    Type="Package"
    LastWriteTime="132902698286369590" />
  <Object
    Path="C:\Users\admin\Documents\KVBO-02-21\Senkov D\Pract2\Physical\Config1\4PP065_0571_P74\AccessAndSecurity\Package.pkg"
    LogicalPath="Config1.4PP065_0571_P74.AccessAndSecurity"
    Type="Package"
    LastWriteTime="132902698287745912" />
  <Object
    Path="C:\Users\admin\Documents\KVBO-02-21\Senkov D\Pract2\Physical\Config1\4PP065_0571_P74\AccessAndSecurity\UserRoleSystem\Package.pkg"
    LogicalPath="Config1.4PP065_0571_P74.AccessAndSecurity.UserRoleSystem"
    Type="Package"
    LastWriteTime="132902698286668797" />
  <Object
    Path="C:\Users\admin\Documents\KVBO-02-21\Senkov D\Pract2\Physical\Config1\4PP065_0571_P74\AccessAndSecurity\UserRoleSystem\Role.role"
    LogicalPath="Config1.4PP065_0571_P74.AccessAndSecurity.UserRoleSystem.Role.role"
    Type="File"
    LastWriteTime="132902698286569059"
    Private="false" />
  <Object
    Path="C:\Users\admin\Documents\KVBO-02-21\Senkov D\Pract2\Physical\Config1\4PP065_0571_P74\AccessAndSecurity\UserRoleSystem\User.user"
    LogicalPath="Config1.4PP065_0571_P74.AccessAndSecurity.UserRoleSystem.User.user"
    Type="File"
    LastWriteTime="132902698286658817"
    Private="false" />
  <Object
    Path="C:\Users\admin\Documents\KVBO-02-21\Senkov D\Pract2\Physical\Config1\4PP065_0571_P74\AccessAndSecurity\CertificateStore\Package.pkg"
    LogicalPath="Config1.4PP065_0571_P74.AccessAndSecurity.CertificateStore"
    Type="Package"
    LastWriteTime="132902698287646178" />
  <Object
    Path="C:\Users\admin\Documents\KVBO-02-21\Senkov D\Pract2\Physical\Config1\4PP065_0571_P74\AccessAndSecurity\CertificateStore\OwnCertificates\Package.pkg"
    LogicalPath="Config1.4PP065_0571_P74.AccessAndSecurity.CertificateStore.OwnCertificates"
    Type="Package"
    LastWriteTime="132902698287117594" />
  <Object
    Path="C:\Users\admin\Documents\KVBO-02-21\Senkov D\Pract2\Physical\Config1\4PP065_0571_P74\AccessAndSecurity\CertificateStore\OwnCertificates\Certificates\Package.pkg"
    LogicalPath="Config1.4PP065_0571_P74.AccessAndSecurity.CertificateStore.OwnCertificates.Certificates"
    Type="Package"
    LastWriteTime="132902698286948045" />
  <Object
    Path="C:\Users\admin\Documents\KVBO-02-21\Senkov D\Pract2\Physical\Config1\4PP065_0571_P74\AccessAndSecurity\CertificateStore\OwnCertificates\PrivateKeys\Package.pkg"
    LogicalPath="Config1.4PP065_0571_P74.AccessAndSecurity.CertificateStore.OwnCertificates.PrivateKeys"
    Type="Package"
    LastWriteTime="132902698287037807" />
  <Object
    Path="C:\Users\admin\Documents\KVBO-02-21\Senkov D\Pract2\Physical\Config1\4PP065_0571_P74\AccessAndSecurity\CertificateStore\ThirdPartyCertificates\Package.pkg"
    LogicalPath="Config1.4PP065_0571_P74.AccessAndSecurity.CertificateStore.ThirdPartyCertificates"
    Type="Package"
    LastWriteTime="132902698287307094" />
  <Object
    Path="C:\Users\admin\Documents\KVBO-02-21\Senkov D\Pract2\Physical\Config1\4PP065_0571_P74\AccessAndSecurity\CertificateStore\ThirdPartyCertificates\SoftwareCertificates\Package.pkg"
    LogicalPath="Config1.4PP065_0571_P74.AccessAndSecurity.CertificateStore.ThirdPartyCertificates.SoftwareCertificates"
    Type="Package"
    LastWriteTime="132902698287227300" />
  <Object
    Path="C:\Users\admin\Documents\KVBO-02-21\Senkov D\Pract2\Physical\Config1\4PP065_0571_P74\AccessAndSecurity\CertificateStore\CertificateRevocationLists\Package.pkg"
    LogicalPath="Config1.4PP065_0571_P74.AccessAndSecurity.CertificateStore.CertificateRevocationLists"
    Type="Package"
    LastWriteTime="132902698287476636" />
  <Object
    Path="C:\Users\admin\Documents\KVBO-02-21\Senkov D\Pract2\Physical\Config1\4PP065_0571_P74\AccessAndSecurity\CertificateStore\CertificateSigningRequests\Package.pkg"
    LogicalPath="Config1.4PP065_0571_P74.AccessAndSecurity.CertificateStore.CertificateSigningRequests"
    Type="Package"
    LastWriteTime="132902698287566398" />
  <Object
    Path="C:\Users\admin\Documents\KVBO-02-21\Senkov D\Pract2\Physical\Config1\4PP065_0571_P74\AccessAndSecurity\TransportLayerSecurity\Package.pkg"
    LogicalPath="Config1.4PP065_0571_P74.AccessAndSecurity.TransportLayerSecurity"
    Type="Package"
    LastWriteTime="132902698287676097" />
  <Object
    Path="C:\Users\admin\Documents\KVBO-02-21\Senkov D\Pract2\Physical\Config1\4PP065_0571_P74\mappControl\Package.pkg"
    LogicalPath="Config1.4PP065_0571_P74.mappControl"
    Type="Package"
    LastWriteTime="132902698287845643" />
  <Object
    Path="C:\Users\admin\Documents\KVBO-02-21\Senkov D\Pract2\Physical\Config1\4PP065_0571_P74\mappMotion\Package.pkg"
    LogicalPath="Config1.4PP065_0571_P74.mappMotion"
    Type="Package"
    LastWriteTime="132902698288005220" />
  <Object
    Path="C:\Users\admin\Documents\KVBO-02-21\Senkov D\Pract2\Physical\Config1\4PP065_0571_P74\mappServices\Package.pkg"
    LogicalPath="Config1.4PP065_0571_P74.mappServices"
    Type="Package"
    LastWriteTime="132902698288114926" />
  <Object
    Path="C:\Users\admin\Documents\KVBO-02-21\Senkov D\Pract2\Physical\Config1\4PP065_0571_P74\mappView\Package.pkg"
    LogicalPath="Config1.4PP065_0571_P74.mappView"
    Type="Package"
    LastWriteTime="132902698288214661" />
  <Object
    Path="C:\Users\admin\Documents\KVBO-02-21\Senkov D\Pract2\Physical\Config1\4PP065_0571_P74\mappCockpit\Package.pkg"
    LogicalPath="Config1.4PP065_0571_P74.mappCockpit"
    Type="Package"
    LastWriteTime="132902698288374230" />
  <Object
    Path="C:\Users\admin\Documents\KVBO-02-21\Senkov D\Pract2\Physical\Config1\Hardware.jpg"
    LogicalPath="Config1.Hardware.jpg"
    Type="File"
    LastWriteTime="132917395382878346"
    Private="false" />
</Objects>